<?xml version="1.0" encoding="UTF-8"?>
<testsuite name="normalizing.SimpleNormalizerTest" tests="3" skipped="0" failures="0" errors="0" timestamp="2021-02-01T16:56:35" hostname="PL000111789" time="0.003">
  <properties/>
  <testcase name="should filter trips with wrong direction()" classname="normalizing.SimpleNormalizerTest" time="0.001"/>
  <testcase name="should filter observations with insufficient number of points()" classname="normalizing.SimpleNormalizerTest" time="0.0"/>
  <testcase name="should filter too long trips()" classname="normalizing.SimpleNormalizerTest" time="0.0"/>
  <system-out><![CDATA[]]></system-out>
  <system-err><![CDATA[]]></system-err>
</testsuite>
