<?xml version="1.0" encoding="UTF-8"?>
<testsuite name="uploading.JSONUploaderTest" tests="1" skipped="0" failures="0" errors="0" timestamp="2021-02-01T15:32:51" hostname="PL000111789" time="0.044">
  <properties/>
  <testcase name="should map value to observation object()" classname="uploading.JSONUploaderTest" time="0.044"/>
  <system-out><![CDATA[]]></system-out>
  <system-err><![CDATA[]]></system-err>
</testsuite>
