<?xml version="1.0" encoding="UTF-8"?>
<testsuite name="reducing.SimpleReducerTest" tests="1" skipped="0" failures="0" errors="0" timestamp="2021-02-01T16:56:35" hostname="PL000111789" time="0.021">
  <properties/>
  <testcase name="should reduce data()" classname="reducing.SimpleReducerTest" time="0.021"/>
  <system-out><![CDATA[]]></system-out>
  <system-err><![CDATA[]]></system-err>
</testsuite>
